[debug] [2023-08-22T19:50:43.960Z] ----------------------------------------------------------------------
[debug] [2023-08-22T19:50:43.961Z] Command:       C:\Program Files\nodejs\node.exe C:\Users\Joao\AppData\Roaming\npm\node_modules\firebase-tools\lib\bin\firebase.js init hosting
[debug] [2023-08-22T19:50:43.961Z] CLI Version:   12.4.8
[debug] [2023-08-22T19:50:43.962Z] Platform:      win32
[debug] [2023-08-22T19:50:43.962Z] Node Version:  v18.16.0
[debug] [2023-08-22T19:50:43.963Z] Time:          Tue Aug 22 2023 16:50:43 GMT-0300 (Horário Padrão de Brasília)
[debug] [2023-08-22T19:50:43.963Z] ----------------------------------------------------------------------
[debug] 
[debug] [2023-08-22T19:50:43.968Z] > command requires scopes: ["email","openid","https://www.googleapis.com/auth/cloudplatformprojects.readonly","https://www.googleapis.com/auth/firebase","https://www.googleapis.com/auth/cloud-platform"]
[debug] [2023-08-22T19:50:43.968Z] > authorizing via signed-in user (joaodeveloping@gmail.com)
[info] 
     ######## #### ########  ######## ########     ###     ######  ########
     ##        ##  ##     ## ##       ##     ##  ##   ##  ##       ##
     ######    ##  ########  ######   ########  #########  ######  ######
     ##        ##  ##    ##  ##       ##     ## ##     ##       ## ##
     ##       #### ##     ## ######## ########  ##     ##  ######  ########

You're about to initialize a Firebase project in this directory:

  P:\angular\Marvetes

[info] 
=== Project Setup
[info] 
[info] First, let's associate this project directory with a Firebase project.
[info] You can create multiple project aliases by running firebase use --add, 
[info] but for now we'll just set up a default project.
[info] 
[debug] [2023-08-22T19:50:49.572Z] >>> [apiv2][query] GET https://firebase.googleapis.com/v1beta1/projects pageSize=100
[debug] [2023-08-22T19:50:50.447Z] <<< [apiv2][status] GET https://firebase.googleapis.com/v1beta1/projects 200
[debug] [2023-08-22T19:50:50.447Z] <<< [apiv2][body] GET https://firebase.googleapis.com/v1beta1/projects [omitted]
[info] i  Using project marvetes-ang (Marvetes) 
[info] 
=== Hosting Setup
[info] 
[info] Your public directory is the folder (relative to your project directory) that
[info] will contain Hosting assets to be uploaded with firebase deploy. If you
[info] have a build process for your assets, use your build's output directory.
[info] 
